<?xml version="1.0" encoding="UTF-8"?>
<testsuite name="PasswordCheckerTest" tests="2" skipped="0" failures="0" errors="0" timestamp="2020-01-20T09:17:07" hostname="recruit-ThinkCentre-M73" time="0.67">
  <properties/>
  <testcase name="isPasswordValid()" classname="PasswordCheckerTest" time="0.666"/>
  <testcase name="passwordIsOk()" classname="PasswordCheckerTest" time="0.001"/>
  <system-out><![CDATA[]]></system-out>
  <system-err><![CDATA[]]></system-err>
</testsuite>
